2025-08-23 23:22:19,358 - INFO - --- Iniciando População das Tabelas de Dimensão ---
2025-08-23 23:22:19,359 - INFO - Conectando ao banco de dados em: /mnt/arquivos/Data Science/Engenheiro de Dados_Azure/projeto_oms/scripts/../database/who_gho.db
2025-08-23 23:22:19,360 - INFO - Lendo indicadores de: /mnt/arquivos/Data Science/Engenheiro de Dados_Azure/projeto_oms/scripts/../data/categorized_indicators.csv
2025-08-23 23:22:19,453 - INFO - -1 novos indicadores processados.
2025-08-23 23:22:19,454 - INFO - Dimensão de sexo populada.
2025-08-23 23:22:19,495 - INFO - Tabelas de dimensão populadas com sucesso.
2025-08-23 23:22:19,496 - INFO - Conexão com o banco de dados fechada.
2025-08-23 23:22:19,497 - INFO - --- Iniciando População da Tabela de Fatos para a Categoria: AIR ---
2025-08-23 23:22:19,497 - INFO - Conectando ao banco de dados em: /mnt/arquivos/Data Science/Engenheiro de Dados_Azure/projeto_oms/scripts/../database/who_gho.db
2025-08-23 23:22:19,499 - INFO - Encontrados 39 indicadores para a categoria 'AIR'.
2025-08-23 23:22:19,499 - INFO - Buscando dados para o indicador: AIR_11...
2025-08-23 23:22:26,102 - INFO -   -> 33660 observações encontradas para AIR_11.
2025-08-23 23:22:26,499 - INFO - Buscando dados para o indicador: AIR_13...
2025-08-23 23:22:27,135 - INFO -   -> 0 observações encontradas para AIR_13.
2025-08-23 23:22:27,135 - INFO - Buscando dados para o indicador: AIR_14...
2025-08-23 23:22:27,738 - INFO -   -> 0 observações encontradas para AIR_14.
2025-08-23 23:22:27,738 - INFO - Buscando dados para o indicador: AIR_17...
2025-08-23 23:22:32,317 - INFO -   -> 10292 observações encontradas para AIR_17.
2025-08-23 23:22:32,438 - INFO - Buscando dados para o indicador: AIR_3_1...
2025-08-23 23:22:33,123 - INFO -   -> 0 observações encontradas para AIR_3_1.
2025-08-23 23:22:33,123 - INFO - Buscando dados para o indicador: AIR_39...
2025-08-23 23:22:51,784 - INFO -   -> 35530 observações encontradas para AIR_39.
2025-08-23 23:22:52,222 - INFO - Buscando dados para o indicador: AIR_41...
2025-08-23 23:23:00,139 - INFO -   -> 34200 observações encontradas para AIR_41.
2025-08-23 23:23:00,614 - INFO - Buscando dados para o indicador: AIR_43...
2025-08-23 23:23:03,072 - INFO -   -> 3492 observações encontradas para AIR_43.
2025-08-23 23:23:03,127 - INFO - Buscando dados para o indicador: AIR_10...
2025-08-23 23:23:04,719 - INFO -   -> 549 observações encontradas para AIR_10.
2025-08-23 23:23:04,745 - INFO - Buscando dados para o indicador: AIR_12...
2025-08-23 23:23:06,312 - INFO -   -> 540 observações encontradas para AIR_12.
2025-08-23 23:23:06,334 - INFO - Buscando dados para o indicador: AIR_16...
2025-08-23 23:23:07,578 - INFO -   -> 540 observações encontradas para AIR_16.
2025-08-23 23:23:07,606 - INFO - Buscando dados para o indicador: AIR_3...
2025-08-23 23:23:08,342 - INFO -   -> 0 observações encontradas para AIR_3.
2025-08-23 23:23:08,343 - INFO - Buscando dados para o indicador: AIR_35...
2025-08-23 23:23:14,457 - INFO -   -> 33660 observações encontradas para AIR_35.
2025-08-23 23:23:14,909 - INFO - Buscando dados para o indicador: AIR_36...
2025-08-23 23:23:15,738 - INFO -   -> 0 observações encontradas para AIR_36.
2025-08-23 23:23:15,739 - INFO - Buscando dados para o indicador: AIR_42...
2025-08-23 23:23:25,984 - INFO -   -> 34200 observações encontradas para AIR_42.
2025-08-23 23:23:26,449 - INFO - Buscando dados para o indicador: AIR_46...
2025-08-23 23:23:28,061 - INFO -   -> 549 observações encontradas para AIR_46.
2025-08-23 23:23:28,074 - INFO - Buscando dados para o indicador: AIR_5...
2025-08-23 23:23:32,690 - INFO -   -> 9258 observações encontradas para AIR_5.
2025-08-23 23:23:32,851 - INFO - Buscando dados para o indicador: AIR_44...
2025-08-23 23:23:34,036 - INFO -   -> 194 observações encontradas para AIR_44.
2025-08-23 23:23:34,039 - INFO - Buscando dados para o indicador: AIR_18...
2025-08-23 23:23:34,754 - INFO -   -> 0 observações encontradas para AIR_18.
2025-08-23 23:23:34,755 - INFO - Buscando dados para o indicador: AIR_4...
2025-08-23 23:23:36,574 - INFO -   -> 549 observações encontradas para AIR_4.
2025-08-23 23:23:36,597 - INFO - Buscando dados para o indicador: AIR_50...
2025-08-23 23:23:37,221 - INFO -   -> 0 observações encontradas para AIR_50.
2025-08-23 23:23:37,221 - INFO - Buscando dados para o indicador: AIR_51...
2025-08-23 23:23:42,414 - INFO -   -> 9204 observações encontradas para AIR_51.
2025-08-23 23:23:42,548 - INFO - Buscando dados para o indicador: AIR_52...
2025-08-23 23:23:51,488 - INFO -   -> 33660 observações encontradas para AIR_52.
2025-08-23 23:23:52,014 - INFO - Buscando dados para o indicador: AIR_6...
2025-08-23 23:23:53,393 - INFO -   -> 549 observações encontradas para AIR_6.
2025-08-23 23:23:53,407 - INFO - Buscando dados para o indicador: AIR_60...
2025-08-23 23:24:04,664 - INFO -   -> 35530 observações encontradas para AIR_60.
2025-08-23 23:24:05,160 - INFO - Buscando dados para o indicador: AIR_62...
2025-08-23 23:24:12,706 - INFO -   -> 35530 observações encontradas para AIR_62.
2025-08-23 23:24:13,205 - INFO - Buscando dados para o indicador: AIR_61...
2025-08-23 23:24:13,899 - INFO -   -> 0 observações encontradas para AIR_61.
2025-08-23 23:24:13,899 - INFO - Buscando dados para o indicador: AIR_63...
2025-08-23 23:24:15,109 - INFO -   -> 0 observações encontradas para AIR_63.
2025-08-23 23:24:15,109 - INFO - Buscando dados para o indicador: AIR_9...
2025-08-23 23:24:19,892 - INFO -   -> 9258 observações encontradas para AIR_9.
2025-08-23 23:24:20,025 - INFO - Buscando dados para o indicador: AIR_8...
2025-08-23 23:24:21,819 - INFO -   -> 549 observações encontradas para AIR_8.
2025-08-23 23:24:21,830 - INFO - Buscando dados para o indicador: AIR_90...
2025-08-23 23:24:31,836 - INFO -   -> 34200 observações encontradas para AIR_90.
2025-08-23 23:24:32,300 - INFO - Buscando dados para o indicador: AIR_15...
2025-08-23 23:24:39,007 - INFO -   -> 35530 observações encontradas para AIR_15.
2025-08-23 23:24:39,489 - INFO - Buscando dados para o indicador: AIR_45...
2025-08-23 23:24:44,403 - INFO -   -> 9258 observações encontradas para AIR_45.
2025-08-23 23:24:44,553 - INFO - Buscando dados para o indicador: AIR_7...
2025-08-23 23:24:53,197 - INFO -   -> 34200 observações encontradas para AIR_7.
2025-08-23 23:24:53,661 - INFO - Buscando dados para o indicador: AIR_71...
2025-08-23 23:24:55,566 - INFO -   -> 549 observações encontradas para AIR_71.
2025-08-23 23:24:55,580 - INFO - Buscando dados para o indicador: AIR_73...
2025-08-23 23:24:57,236 - INFO -   -> 549 observações encontradas para AIR_73.
2025-08-23 23:24:57,245 - INFO - Buscando dados para o indicador: AIR_74...
2025-08-23 23:24:58,982 - INFO -   -> 540 observações encontradas para AIR_74.
2025-08-23 23:24:59,004 - INFO - Buscando dados para o indicador: AIR_72...
2025-08-23 23:25:00,771 - INFO -   -> 549 observações encontradas para AIR_72.
2025-08-23 23:25:00,781 - INFO - Buscando dados para o indicador: AIR_75...
2025-08-23 23:25:03,366 - INFO -   -> 540 observações encontradas para AIR_75.
2025-08-23 23:25:03,440 - INFO - Tabela de fatos populada com sucesso para a categoria 'AIR'.
2025-08-23 23:25:03,440 - INFO - Conexão com o banco de dados fechada.
